<?xml version="1.0" encoding="UTF-8"?>
<testng-results ignored="0" total="2" passed="2" failed="0" skipped="0">
  <reporter-output>
  </reporter-output>
  <suite started-at="2025-01-29T15:19:31 IST" name="Default Suite" finished-at="2025-01-29T15:19:36 IST" duration-ms="4595">
    <groups>
    </groups>
    <test started-at="2025-01-29T15:19:31 IST" name="EnqMS" finished-at="2025-01-29T15:19:36 IST" duration-ms="4595">
      <class name="com.eqms.EnqMS.APITest">
        <test-method signature="testAPI(java.util.Map)[pri:0, instance:com.eqms.EnqMS.APITest@10aa41f2]" started-at="2025-01-29T15:19:32 IST" name="testAPI" data-provider="apiTestCases" finished-at="2025-01-29T15:19:35 IST" duration-ms="2974" status="PASS">
          <params>
            <param index="0">
              <value>
                <![CDATA[{ExpectedStatusCode=200, Endpoint=/api/customers/8, TestCaseName=GetCustomer, HTTPMethod=GET, ExpectedResponse={"id":8,"name":"Test 2","products":[{"id":15,"name":"Product C"},{"id":16,"name":"Product D"}]}, RequestBody=}]]>
              </value>
            </param>
          </params>
          <reporter-output>
          </reporter-output>
        </test-method> <!-- testAPI -->
        <test-method signature="testAPI(java.util.Map)[pri:0, instance:com.eqms.EnqMS.APITest@10aa41f2]" started-at="2025-01-29T15:19:35 IST" name="testAPI" data-provider="apiTestCases" finished-at="2025-01-29T15:19:36 IST" duration-ms="252" status="PASS">
          <params>
            <param index="0">
              <value>
                <![CDATA[{ExpectedStatusCode=201, Endpoint=/api/customers, TestCaseName=CreateCustomer, HTTPMethod=POST, ExpectedResponse={"id":8,"name":"Test 2","products":[{"id":15,"name":"Product C"},{"id":16,"name":"Product D"}]}, RequestBody={"name":"Test 2","products":[{"name":"Product C"},{"name":"Product D"}]}}]]>
              </value>
            </param>
          </params>
          <reporter-output>
          </reporter-output>
        </test-method> <!-- testAPI -->
      </class> <!-- com.eqms.EnqMS.APITest -->
    </test> <!-- EnqMS -->
  </suite> <!-- Default Suite -->
</testng-results>
